<?xml version="1.0" encoding="UTF-8"?>
<!-- Generated by org.testng.reporters.JUnitXMLReporter -->
<testsuite ignored="1" hostname="Anish" failures="0" tests="9" name="Default test" time="44.241" errors="0" timestamp="2023-02-20T19:28:30 IST">
  <testcase classname="org.sampletestng.sammtestngg" name="tc3" time="3.358"/>
  <testcase classname="org.sampletestng.sammtestngg" name="tc2" time="5.913"/>
  <testcase classname="org.sampletestng.sammtestngg" name="tc2" time="5.121"/>
  <testcase classname="org.sampletestng.sammtestngg" name="tc2" time="5.267"/>
  <testcase classname="org.sampletestng.sammtestngg" name="tc2" time="4.423"/>
  <testcase classname="org.sampletestng.sammtestngg" name="tc9" time="5.207"/>
  <testcase classname="org.sampletestng.sammtestngg" name="tc8" time="4.782"/>
  <testcase classname="org.sampletestng.sammtestngg" name="tc5" time="0.95"/>
  <testcase classname="org.sampletestng.sammtestngg" name="tc4" time="6.853"/>
  <testcase classname="org.sampletestng.sammtestngg" name="tc1" time="0.0">
    <ignored/>
  </testcase> <!-- tc1 -->
</testsuite> <!-- Default test -->
