<?xml version="1.0" encoding="UTF-8"?>
<!-- Generated by org.testng.reporters.JUnitXMLReporter -->
<testsuite ignored="1" hostname="Anish" failures="0" tests="10" name="Test" time="7.512" errors="0" timestamp="2023-02-20T18:54:05 IST">
  <testcase classname="org.sampletestng.sammtestngg" name="tc3" time="0.014"/>
  <testcase classname="org.sampletestng.sammtestngg" name="tc2" time="3.782"/>
  <testcase classname="org.sampletestng.sammtestngg" name="tc2" time="1.879"/>
  <testcase classname="org.sampletestng.sammtestngg" name="tc4" time="0.001"/>
  <testcase classname="org.sampletestng.sammtestngg" name="tc5" time="0.001"/>
  <testcase classname="org.sampletestng.sammtestngg" name="tc6" time="0.002"/>
  <testcase classname="org.sampletestng.sampleClassB" name="tc11" time="0.002"/>
  <testcase classname="org.sampletestng.sampleClassB" name="tc12" time="0.001"/>
  <testcase classname="org.sampletestng.sampleClassA" name="tc101" time="0.001"/>
  <testcase classname="org.sampletestng.sampleClassA" name="tc102" time="0.001"/>
  <testcase classname="org.sampletestng.sammtestngg" name="tc1" time="0.0">
    <ignored/>
  </testcase> <!-- tc1 -->
</testsuite> <!-- Test -->
