<?xml version="1.0" encoding="UTF-8"?>
<testng-results ignored="1" total="10" passed="9" failed="0" skipped="0">
  <reporter-output>
  </reporter-output>
  <suite started-at="2023-02-20T19:27:46 IST" name="Default suite" finished-at="2023-02-20T19:28:30 IST" duration-ms="44241">
    <groups>
    </groups>
    <test started-at="2023-02-20T19:27:46 IST" name="Default test" finished-at="2023-02-20T19:28:30 IST" duration-ms="44241">
      <class name="org.sampletestng.sammtestngg">
        <test-method is-config="true" signature="tc0()[pri:0, instance:org.sampletestng.sammtestngg@402bba4f]" started-at="2023-02-20T19:27:46 IST" name="tc0" finished-at="2023-02-20T19:27:48 IST" duration-ms="2291" status="PASS">
          <reporter-output>
          </reporter-output>
        </test-method> <!-- tc0 -->
        <test-method signature="tc3()[pri:-100, instance:org.sampletestng.sammtestngg@402bba4f]" started-at="2023-02-20T19:27:48 IST" name="tc3" finished-at="2023-02-20T19:27:52 IST" duration-ms="3358" status="PASS">
          <reporter-output>
          </reporter-output>
        </test-method> <!-- tc3 -->
        <test-method signature="tc2(java.lang.String)[pri:0, instance:org.sampletestng.sammtestngg@402bba4f]" started-at="2023-02-20T19:27:52 IST" name="tc2" data-provider="product" finished-at="2023-02-20T19:27:58 IST" duration-ms="5913" status="PASS">
          <params>
            <param index="0">
              <value>
                <![CDATA[8 gb ddr3 ram]]>
              </value>
            </param>
          </params>
          <reporter-output>
          </reporter-output>
        </test-method> <!-- tc2 -->
        <test-method signature="tc2(java.lang.String)[pri:0, instance:org.sampletestng.sammtestngg@402bba4f]" started-at="2023-02-20T19:27:58 IST" name="tc2" data-provider="product" finished-at="2023-02-20T19:28:03 IST" duration-ms="5121" status="PASS">
          <params>
            <param index="0">
              <value>
                <![CDATA[tookkit]]>
              </value>
            </param>
          </params>
          <reporter-output>
          </reporter-output>
        </test-method> <!-- tc2 -->
        <test-method signature="tc2(java.lang.String)[pri:0, instance:org.sampletestng.sammtestngg@402bba4f]" started-at="2023-02-20T19:28:03 IST" name="tc2" data-provider="product" finished-at="2023-02-20T19:28:08 IST" duration-ms="5267" status="PASS">
          <params>
            <param index="0">
              <value>
                <![CDATA[car toy]]>
              </value>
            </param>
          </params>
          <reporter-output>
          </reporter-output>
        </test-method> <!-- tc2 -->
        <test-method signature="tc2(java.lang.String)[pri:0, instance:org.sampletestng.sammtestngg@402bba4f]" started-at="2023-02-20T19:28:08 IST" name="tc2" data-provider="product" finished-at="2023-02-20T19:28:13 IST" duration-ms="4423" status="PASS">
          <params>
            <param index="0">
              <value>
                <![CDATA[apple 14 pro max]]>
              </value>
            </param>
          </params>
          <reporter-output>
          </reporter-output>
        </test-method> <!-- tc2 -->
        <test-method signature="tc9()[pri:2, instance:org.sampletestng.sammtestngg@402bba4f]" started-at="2023-02-20T19:28:13 IST" name="tc9" finished-at="2023-02-20T19:28:18 IST" duration-ms="5207" status="PASS">
          <reporter-output>
          </reporter-output>
        </test-method> <!-- tc9 -->
        <test-method signature="tc8()[pri:3, instance:org.sampletestng.sammtestngg@402bba4f]" started-at="2023-02-20T19:28:18 IST" name="tc8" finished-at="2023-02-20T19:28:23 IST" duration-ms="4782" status="PASS">
          <reporter-output>
          </reporter-output>
        </test-method> <!-- tc8 -->
        <test-method signature="tc5()[pri:4, instance:org.sampletestng.sammtestngg@402bba4f]" started-at="2023-02-20T19:28:23 IST" name="tc5" finished-at="2023-02-20T19:28:24 IST" duration-ms="950" status="PASS">
          <reporter-output>
          </reporter-output>
        </test-method> <!-- tc5 -->
        <test-method signature="tc4()[pri:5, instance:org.sampletestng.sammtestngg@402bba4f]" started-at="2023-02-20T19:28:24 IST" name="tc4" finished-at="2023-02-20T19:28:30 IST" duration-ms="6853" status="PASS">
          <reporter-output>
          </reporter-output>
        </test-method> <!-- tc4 -->
      </class> <!-- org.sampletestng.sammtestngg -->
    </test> <!-- Default test -->
  </suite> <!-- Default suite -->
</testng-results>
